c:\users\万珂嘉\documents\tencent files\372936540\filerecv\interface\interface\min-c_code1\min-c_code1\debug\vc140.pdb
c:\users\万珂嘉\documents\tencent files\372936540\filerecv\interface\interface\min-c_code1\min-c_code1\debug\vc140.idb
c:\users\万珂嘉\documents\tencent files\372936540\filerecv\interface\interface\min-c_code1\min-c_code1\debug\aluu.obj
c:\users\万珂嘉\documents\tencent files\372936540\filerecv\interface\interface\min-c_code1\min-c_code1\debug\equall.obj
c:\users\万珂嘉\documents\tencent files\372936540\filerecv\interface\interface\min-c_code1\min-c_code1\debug\errors.obj
c:\users\万珂嘉\documents\tencent files\372936540\filerecv\interface\interface\min-c_code1\min-c_code1\debug\factorization.obj
c:\users\万珂嘉\documents\tencent files\372936540\filerecv\interface\interface\min-c_code1\min-c_code1\debug\fun.obj
c:\users\万珂嘉\documents\tencent files\372936540\filerecv\interface\interface\min-c_code1\min-c_code1\debug\fundeal.obj
c:\users\万珂嘉\documents\tencent files\372936540\filerecv\interface\interface\min-c_code1\min-c_code1\debug\funif  while do until.obj
c:\users\万珂嘉\documents\tencent files\372936540\filerecv\interface\interface\min-c_code1\min-c_code1\debug\glob.obj
c:\users\万珂嘉\documents\tencent files\372936540\filerecv\interface\interface\min-c_code1\min-c_code1\debug\iputt.obj
c:\users\万珂嘉\documents\tencent files\372936540\filerecv\interface\interface\min-c_code1\min-c_code1\debug\logicc.obj
c:\users\万珂嘉\documents\tencent files\372936540\filerecv\interface\interface\min-c_code1\min-c_code1\debug\main.obj
c:\users\万珂嘉\documents\tencent files\372936540\filerecv\interface\interface\min-c_code1\min-c_code1\debug\outputt.obj
c:\users\万珂嘉\documents\tencent files\372936540\filerecv\interface\interface\min-c_code1\min-c_code1\debug\relatee.obj
c:\users\万珂嘉\documents\tencent files\372936540\filerecv\interface\interface\min-c_code1\min-c_code1\debug\ret.obj
c:\users\万珂嘉\documents\tencent files\372936540\filerecv\interface\interface\min-c_code1\min-c_code1\debug\scaner.obj
c:\users\万珂嘉\documents\tencent files\372936540\filerecv\interface\interface\min-c_code1\min-c_code1\debug\stringop.obj
c:\users\万珂嘉\documents\tencent files\372936540\filerecv\interface\interface\min-c_code1\min-c_code1\debug\min-c_code1.tlog\cl.command.1.tlog
c:\users\万珂嘉\documents\tencent files\372936540\filerecv\interface\interface\min-c_code1\min-c_code1\debug\min-c_code1.tlog\cl.read.1.tlog
c:\users\万珂嘉\documents\tencent files\372936540\filerecv\interface\interface\min-c_code1\min-c_code1\debug\min-c_code1.tlog\cl.write.1.tlog
