g:\interface\min-c_code2\min-c_code2\debug\vc140.pdb
g:\interface\min-c_code2\min-c_code2\debug\vc140.idb
g:\interface\min-c_code2\min-c_code2\debug\aluu.obj
g:\interface\min-c_code2\min-c_code2\debug\define.obj
g:\interface\min-c_code2\min-c_code2\debug\equall.obj
g:\interface\min-c_code2\min-c_code2\debug\errors.obj
g:\interface\min-c_code2\min-c_code2\debug\factorization.obj
g:\interface\min-c_code2\min-c_code2\debug\fun.obj
g:\interface\min-c_code2\min-c_code2\debug\fundeal.obj
g:\interface\min-c_code2\min-c_code2\debug\funif  while do until.obj
g:\interface\min-c_code2\min-c_code2\debug\glob.obj
g:\interface\min-c_code2\min-c_code2\debug\iputt.obj
g:\interface\min-c_code2\min-c_code2\debug\logicc.obj
g:\interface\min-c_code2\min-c_code2\debug\main.obj
g:\interface\min-c_code2\min-c_code2\debug\outputt.obj
g:\interface\min-c_code2\min-c_code2\debug\relatee.obj
g:\interface\min-c_code2\min-c_code2\debug\ret.obj
g:\interface\min-c_code2\min-c_code2\debug\scaner.obj
g:\interface\min-c_code2\min-c_code2\debug\stringop.obj
g:\interface\min-c_code2\debug\min-c_code2.ilk
g:\interface\min-c_code2\debug\min-c_code2.exe
g:\interface\min-c_code2\debug\min-c_code2.pdb
c:\users\万珂嘉\documents\tencent files\372936540\filerecv\interface\interface\min-c_code2\min-c_code2\debug\aluu.obj
c:\users\万珂嘉\documents\tencent files\372936540\filerecv\interface\interface\min-c_code2\min-c_code2\debug\define.obj
c:\users\万珂嘉\documents\tencent files\372936540\filerecv\interface\interface\min-c_code2\min-c_code2\debug\equall.obj
c:\users\万珂嘉\documents\tencent files\372936540\filerecv\interface\interface\min-c_code2\min-c_code2\debug\errors.obj
c:\users\万珂嘉\documents\tencent files\372936540\filerecv\interface\interface\min-c_code2\min-c_code2\debug\factorization.obj
c:\users\万珂嘉\documents\tencent files\372936540\filerecv\interface\interface\min-c_code2\min-c_code2\debug\fun.obj
c:\users\万珂嘉\documents\tencent files\372936540\filerecv\interface\interface\min-c_code2\min-c_code2\debug\fundeal.obj
c:\users\万珂嘉\documents\tencent files\372936540\filerecv\interface\interface\min-c_code2\min-c_code2\debug\funif  while do until.obj
c:\users\万珂嘉\documents\tencent files\372936540\filerecv\interface\interface\min-c_code2\min-c_code2\debug\glob.obj
c:\users\万珂嘉\documents\tencent files\372936540\filerecv\interface\interface\min-c_code2\min-c_code2\debug\iputt.obj
c:\users\万珂嘉\documents\tencent files\372936540\filerecv\interface\interface\min-c_code2\min-c_code2\debug\logicc.obj
c:\users\万珂嘉\documents\tencent files\372936540\filerecv\interface\interface\min-c_code2\min-c_code2\debug\main.obj
c:\users\万珂嘉\documents\tencent files\372936540\filerecv\interface\interface\min-c_code2\min-c_code2\debug\outputt.obj
c:\users\万珂嘉\documents\tencent files\372936540\filerecv\interface\interface\min-c_code2\min-c_code2\debug\relatee.obj
c:\users\万珂嘉\documents\tencent files\372936540\filerecv\interface\interface\min-c_code2\min-c_code2\debug\ret.obj
c:\users\万珂嘉\documents\tencent files\372936540\filerecv\interface\interface\min-c_code2\min-c_code2\debug\scaner.obj
c:\users\万珂嘉\documents\tencent files\372936540\filerecv\interface\interface\min-c_code2\min-c_code2\debug\stringop.obj
c:\users\万珂嘉\documents\tencent files\372936540\filerecv\interface\interface\min-c_code2\min-c_code2\debug\vc140.idb
c:\users\万珂嘉\documents\tencent files\372936540\filerecv\interface\interface\min-c_code2\min-c_code2\debug\vc140.pdb
c:\users\万珂嘉\documents\tencent files\372936540\filerecv\interface\interface\min-c_code2\debug\min-c_code2.pdb
c:\users\万珂嘉\documents\tencent files\372936540\filerecv\interface\interface\min-c_code2\debug\min-c_code2.exe
c:\users\万珂嘉\documents\tencent files\372936540\filerecv\interface\interface\min-c_code2\debug\min-c_code2.ilk
c:\users\万珂嘉\documents\tencent files\372936540\filerecv\interface\interface\min-c_code2\min-c_code2\debug\min-c_code2.tlog\cl.command.1.tlog
c:\users\万珂嘉\documents\tencent files\372936540\filerecv\interface\interface\min-c_code2\min-c_code2\debug\min-c_code2.tlog\cl.read.1.tlog
c:\users\万珂嘉\documents\tencent files\372936540\filerecv\interface\interface\min-c_code2\min-c_code2\debug\min-c_code2.tlog\cl.write.1.tlog
c:\users\万珂嘉\documents\tencent files\372936540\filerecv\interface\interface\min-c_code2\min-c_code2\debug\min-c_code2.tlog\link.command.1.tlog
c:\users\万珂嘉\documents\tencent files\372936540\filerecv\interface\interface\min-c_code2\min-c_code2\debug\min-c_code2.tlog\link.read.1.tlog
c:\users\万珂嘉\documents\tencent files\372936540\filerecv\interface\interface\min-c_code2\min-c_code2\debug\min-c_code2.tlog\link.write.1.tlog
