c:\users\万珂嘉\documents\tencent files\372936540\filerecv\interface\interface\min-c_code0\min-c_code0\debug\vc140.pdb
c:\users\万珂嘉\documents\tencent files\372936540\filerecv\interface\interface\min-c_code0\min-c_code0\debug\vc140.idb
c:\users\万珂嘉\documents\tencent files\372936540\filerecv\interface\interface\min-c_code0\min-c_code0\debug\aluu.obj
c:\users\万珂嘉\documents\tencent files\372936540\filerecv\interface\interface\min-c_code0\min-c_code0\debug\define.obj
c:\users\万珂嘉\documents\tencent files\372936540\filerecv\interface\interface\min-c_code0\min-c_code0\debug\equall.obj
c:\users\万珂嘉\documents\tencent files\372936540\filerecv\interface\interface\min-c_code0\min-c_code0\debug\errors.obj
c:\users\万珂嘉\documents\tencent files\372936540\filerecv\interface\interface\min-c_code0\min-c_code0\debug\factorization.obj
c:\users\万珂嘉\documents\tencent files\372936540\filerecv\interface\interface\min-c_code0\min-c_code0\debug\fun.obj
c:\users\万珂嘉\documents\tencent files\372936540\filerecv\interface\interface\min-c_code0\min-c_code0\debug\fundeal.obj
c:\users\万珂嘉\documents\tencent files\372936540\filerecv\interface\interface\min-c_code0\min-c_code0\debug\funif  while do until.obj
c:\users\万珂嘉\documents\tencent files\372936540\filerecv\interface\interface\min-c_code0\min-c_code0\debug\glob.obj
c:\users\万珂嘉\documents\tencent files\372936540\filerecv\interface\interface\min-c_code0\min-c_code0\debug\iputt.obj
c:\users\万珂嘉\documents\tencent files\372936540\filerecv\interface\interface\min-c_code0\min-c_code0\debug\logicc.obj
c:\users\万珂嘉\documents\tencent files\372936540\filerecv\interface\interface\min-c_code0\min-c_code0\debug\main.obj
c:\users\万珂嘉\documents\tencent files\372936540\filerecv\interface\interface\min-c_code0\min-c_code0\debug\outputt.obj
c:\users\万珂嘉\documents\tencent files\372936540\filerecv\interface\interface\min-c_code0\min-c_code0\debug\relatee.obj
c:\users\万珂嘉\documents\tencent files\372936540\filerecv\interface\interface\min-c_code0\min-c_code0\debug\ret.obj
c:\users\万珂嘉\documents\tencent files\372936540\filerecv\interface\interface\min-c_code0\min-c_code0\debug\scaner.obj
c:\users\万珂嘉\documents\tencent files\372936540\filerecv\interface\interface\min-c_code0\min-c_code0\debug\stringop.obj
c:\users\万珂嘉\documents\tencent files\372936540\filerecv\interface\interface\min-c_code0\debug\min-c_code0.ilk
c:\users\万珂嘉\documents\tencent files\372936540\filerecv\interface\interface\min-c_code0\debug\min-c_code0.exe
c:\users\万珂嘉\documents\tencent files\372936540\filerecv\interface\interface\min-c_code0\debug\min-c_code0.pdb
c:\users\万珂嘉\documents\tencent files\372936540\filerecv\interface\interface\min-c_code0\min-c_code0\debug\min-c_code0.tlog\cl.command.1.tlog
c:\users\万珂嘉\documents\tencent files\372936540\filerecv\interface\interface\min-c_code0\min-c_code0\debug\min-c_code0.tlog\cl.read.1.tlog
c:\users\万珂嘉\documents\tencent files\372936540\filerecv\interface\interface\min-c_code0\min-c_code0\debug\min-c_code0.tlog\cl.write.1.tlog
c:\users\万珂嘉\documents\tencent files\372936540\filerecv\interface\interface\min-c_code0\min-c_code0\debug\min-c_code0.tlog\link.command.1.tlog
c:\users\万珂嘉\documents\tencent files\372936540\filerecv\interface\interface\min-c_code0\min-c_code0\debug\min-c_code0.tlog\link.read.1.tlog
c:\users\万珂嘉\documents\tencent files\372936540\filerecv\interface\interface\min-c_code0\min-c_code0\debug\min-c_code0.tlog\link.write.1.tlog
